<?xml version="1.0" encoding="UTF-8"?>
<!-- Generated by org.testng.reporters.JUnitXMLReporter -->
<testsuite hostname="AbhishekLaptop" ignored="0" name="Surefire test" tests="3" failures="0" timestamp="25 Dec 2020 19:44:06 GMT" time="2.32" errors="0">
  <testcase name="@BeforeTest setUp" time="2.275" classname="com.qa.Katalon.tests.LoginPageTest">
    <failure type="org.openqa.selenium.SessionNotCreatedException" message="session not created: This version of ChromeDriver only supports Chrome version 87
Current browser version is 83.0.4103.97 with binary path C:\Program Files (x86)\Google\Chrome\Application\chrome.exe
Build info: version: &amp;apos;3.141.59&amp;apos;, revision: &amp;apos;e82be7d358&amp;apos;, time: &amp;apos;2018-11-14T08:17:03&amp;apos;
System info: host: &amp;apos;ABHISHEKLAPTOP&amp;apos;, ip: &amp;apos;192.168.1.18&amp;apos;, os.name: &amp;apos;Windows 10&amp;apos;, os.arch: &amp;apos;amd64&amp;apos;, os.version: &amp;apos;10.0&amp;apos;, java.version: &amp;apos;1.8.0_241&amp;apos;
Driver info: driver.version: ChromeDriver
remote stacktrace: Backtrace:
	Ordinal0 [0x0092C0C3+3326147]
	Ordinal0 [0x00810851+2164817]
	Ordinal0 [0x00697298+619160]
	Ordinal0 [0x00611D92+73106]
	Ordinal0 [0x0060E119+57625]
	Ordinal0 [0x0060C38A+50058]
	Ordinal0 [0x00635F3E+220990]
	Ordinal0 [0x00635CAC+220332]
	Ordinal0 [0x0063189B+202907]
	Ordinal0 [0x00613DF4+81396]
	Ordinal0 [0x00614DEE+85486]
	Ordinal0 [0x00614D79+85369]
	Ordinal0 [0x008285DC+2262492]
	GetHandleVerifier [0x00AB2874+1487204]
	GetHandleVerifier [0x00AB23CD+1486013]
	GetHandleVerifier [0x00ABA368+1518680]
	GetHandleVerifier [0x00AB2F4E+1488958]
	Ordinal0 [0x0081ED0D+2223373]
	Ordinal0 [0x0082A12B+2269483]
	Ordinal0 [0x0082A26F+2269807]
	Ordinal0 [0x0083ECB8+2354360]
	BaseThreadInitThunk [0x768FFA29+25]
	RtlGetAppContainerNamedObjectPath [0x775C75F4+228]
	RtlGetAppContainerNamedObjectPath [0x775C75C4+180]
">
      <![CDATA[org.openqa.selenium.SessionNotCreatedException: session not created: This version of ChromeDriver only supports Chrome version 87
Current browser version is 83.0.4103.97 with binary path C:\Program Files (x86)\Google\Chrome\Application\chrome.exe
Build info: version: '3.141.59', revision: 'e82be7d358', time: '2018-11-14T08:17:03'
System info: host: 'ABHISHEKLAPTOP', ip: '192.168.1.18', os.name: 'Windows 10', os.arch: 'amd64', os.version: '10.0', java.version: '1.8.0_241'
Driver info: driver.version: ChromeDriver
remote stacktrace: Backtrace:
Ordinal0 [0x0092C0C3+3326147]
Ordinal0 [0x00810851+2164817]
Ordinal0 [0x00697298+619160]
Ordinal0 [0x00611D92+73106]
Ordinal0 [0x0060E119+57625]
Ordinal0 [0x0060C38A+50058]
Ordinal0 [0x00635F3E+220990]
Ordinal0 [0x00635CAC+220332]
Ordinal0 [0x0063189B+202907]
Ordinal0 [0x00613DF4+81396]
Ordinal0 [0x00614DEE+85486]
Ordinal0 [0x00614D79+85369]
Ordinal0 [0x008285DC+2262492]
GetHandleVerifier [0x00AB2874+1487204]
GetHandleVerifier [0x00AB23CD+1486013]
GetHandleVerifier [0x00ABA368+1518680]
GetHandleVerifier [0x00AB2F4E+1488958]
Ordinal0 [0x0081ED0D+2223373]
Ordinal0 [0x0082A12B+2269483]
Ordinal0 [0x0082A26F+2269807]
Ordinal0 [0x0083ECB8+2354360]
BaseThreadInitThunk [0x768FFA29+25]
RtlGetAppContainerNamedObjectPath [0x775C75F4+228]
RtlGetAppContainerNamedObjectPath [0x775C75C4+180]

at org.openqa.selenium.remote.W3CHandshakeResponse.lambda$errorHandler$0(W3CHandshakeResponse.java:62)
at org.openqa.selenium.remote.HandshakeResponse.lambda$getResponseFunction$0(HandshakeResponse.java:30)
at org.openqa.selenium.remote.ProtocolHandshake.lambda$createSession$0(ProtocolHandshake.java:126)
at java.util.stream.ReferencePipeline$3$1.accept(ReferencePipeline.java:193)
at java.util.Spliterators$ArraySpliterator.tryAdvance(Spliterators.java:958)
at java.util.stream.ReferencePipeline.forEachWithCancel(ReferencePipeline.java:126)
at java.util.stream.AbstractPipeline.copyIntoWithCancel(AbstractPipeline.java:499)
at java.util.stream.AbstractPipeline.copyInto(AbstractPipeline.java:486)
at java.util.stream.AbstractPipeline.wrapAndCopyInto(AbstractPipeline.java:472)
at java.util.stream.FindOps$FindOp.evaluateSequential(FindOps.java:152)
at java.util.stream.AbstractPipeline.evaluate(AbstractPipeline.java:234)
at java.util.stream.ReferencePipeline.findFirst(ReferencePipeline.java:464)
at org.openqa.selenium.remote.ProtocolHandshake.createSession(ProtocolHandshake.java:128)
at org.openqa.selenium.remote.ProtocolHandshake.createSession(ProtocolHandshake.java:74)
at org.openqa.selenium.remote.HttpCommandExecutor.execute(HttpCommandExecutor.java:136)
at org.openqa.selenium.remote.service.DriverCommandExecutor.execute(DriverCommandExecutor.java:83)
at org.openqa.selenium.remote.RemoteWebDriver.execute(RemoteWebDriver.java:552)
at org.openqa.selenium.remote.RemoteWebDriver.startSession(RemoteWebDriver.java:213)
at org.openqa.selenium.remote.RemoteWebDriver.<init>(RemoteWebDriver.java:131)
at org.openqa.selenium.chrome.ChromeDriver.<init>(ChromeDriver.java:181)
at org.openqa.selenium.chrome.ChromeDriver.<init>(ChromeDriver.java:168)
at org.openqa.selenium.chrome.ChromeDriver.<init>(ChromeDriver.java:123)
at com.qa.Katalon.base.BasePage.init_driver(BasePage.java:37)
at com.qa.Katalon.tests.LoginPageTest.setUp(LoginPageTest.java:25)
... Removed 33 stack frames]]>
    </failure>
  </testcase> <!-- @BeforeTest setUp -->
  <testcase name="@AfterTest tearDown" time="0.0" classname="com.qa.Katalon.tests.LoginPageTest">
    <skipped/>
  </testcase> <!-- @AfterTest tearDown -->
  <testcase name="verifyLoginPageTitle" time="0.0" classname="com.qa.Katalon.tests.LoginPageTest">
    <skipped/>
  </testcase> <!-- verifyLoginPageTitle -->
  <testcase name="verifySignupLink" time="0.0" classname="com.qa.Katalon.tests.LoginPageTest">
    <skipped/>
  </testcase> <!-- verifySignupLink -->
  <testcase name="loginPage" time="0.0" classname="com.qa.Katalon.tests.LoginPageTest">
    <skipped/>
  </testcase> <!-- loginPage -->
</testsuite> <!-- Surefire test -->
