<?xml version="1.0" encoding="UTF-8"?>
<!-- Generated by org.testng.reporters.JUnitReportReporter -->
<testsuite skipped="3" hostname="AbhishekLaptop" name="com.qa.Katalon.tests.LoginPageTest" tests="4" failures="0" timestamp="25 Dec 2020 19:44:06 GMT" time="2.275" errors="1">
  <testcase name="setUp" time="2.275" classname="com.qa.Katalon.tests.LoginPageTest">
    <error type="org.openqa.selenium.SessionNotCreatedException" message="session not created: This version of ChromeDriver only supports Chrome version 87
Current browser version is 83.0.4103.97 with binary path C:\Program Files (x86)\Google\Chrome\Application\chrome.exe
Build info: version: &#039;3.141.59&#039;, revision: &#039;e82be7d358&#039;, time: &#039;2018-11-14T08:17:03&#039;
System info: host: &#039;ABHISHEKLAPTOP&#039;, ip: &#039;192.168.1.18&#039;, os.name: &#039;Windows 10&#039;, os.arch: &#039;amd64&#039;, os.version: &#039;10.0&#039;, java.version: &#039;1.8.0_241&#039;
Driver info: driver.version: ChromeDriver
remote stacktrace: Backtrace:
	Ordinal0 [0x0092C0C3+3326147]
	Ordinal0 [0x00810851+2164817]
	Ordinal0 [0x00697298+619160]
	Ordinal0 [0x00611D92+73106]
	Ordinal0 [0x0060E119+57625]
	Ordinal0 [0x0060C38A+50058]
	Ordinal0 [0x00635F3E+220990]
	Ordinal0 [0x00635CAC+220332]
	Ordinal0 [0x0063189B+202907]
	Ordinal0 [0x00613DF4+81396]
	Ordinal0 [0x00614DEE+85486]
	Ordinal0 [0x00614D79+85369]
	Ordinal0 [0x008285DC+2262492]
	GetHandleVerifier [0x00AB2874+1487204]
	GetHandleVerifier [0x00AB23CD+1486013]
	GetHandleVerifier [0x00ABA368+1518680]
	GetHandleVerifier [0x00AB2F4E+1488958]
	Ordinal0 [0x0081ED0D+2223373]
	Ordinal0 [0x0082A12B+2269483]
	Ordinal0 [0x0082A26F+2269807]
	Ordinal0 [0x0083ECB8+2354360]
	BaseThreadInitThunk [0x768FFA29+25]
	RtlGetAppContainerNamedObjectPath [0x775C75F4+228]
	RtlGetAppContainerNamedObjectPath [0x775C75C4+180]
">
      <![CDATA[org.openqa.selenium.SessionNotCreatedException: session not created: This version of ChromeDriver only supports Chrome version 87
Current browser version is 83.0.4103.97 with binary path C:\Program Files (x86)\Google\Chrome\Application\chrome.exe
Build info: version: '3.141.59', revision: 'e82be7d358', time: '2018-11-14T08:17:03'
System info: host: 'ABHISHEKLAPTOP', ip: '192.168.1.18', os.name: 'Windows 10', os.arch: 'amd64', os.version: '10.0', java.version: '1.8.0_241'
Driver info: driver.version: ChromeDriver
remote stacktrace: Backtrace:
Ordinal0 [0x0092C0C3+3326147]
Ordinal0 [0x00810851+2164817]
Ordinal0 [0x00697298+619160]
Ordinal0 [0x00611D92+73106]
Ordinal0 [0x0060E119+57625]
Ordinal0 [0x0060C38A+50058]
Ordinal0 [0x00635F3E+220990]
Ordinal0 [0x00635CAC+220332]
Ordinal0 [0x0063189B+202907]
Ordinal0 [0x00613DF4+81396]
Ordinal0 [0x00614DEE+85486]
Ordinal0 [0x00614D79+85369]
Ordinal0 [0x008285DC+2262492]
GetHandleVerifier [0x00AB2874+1487204]
GetHandleVerifier [0x00AB23CD+1486013]
GetHandleVerifier [0x00ABA368+1518680]
GetHandleVerifier [0x00AB2F4E+1488958]
Ordinal0 [0x0081ED0D+2223373]
Ordinal0 [0x0082A12B+2269483]
Ordinal0 [0x0082A26F+2269807]
Ordinal0 [0x0083ECB8+2354360]
BaseThreadInitThunk [0x768FFA29+25]
RtlGetAppContainerNamedObjectPath [0x775C75F4+228]
RtlGetAppContainerNamedObjectPath [0x775C75C4+180]

at sun.reflect.NativeConstructorAccessorImpl.newInstance0(Native Method)
at sun.reflect.NativeConstructorAccessorImpl.newInstance(NativeConstructorAccessorImpl.java:62)
at sun.reflect.DelegatingConstructorAccessorImpl.newInstance(DelegatingConstructorAccessorImpl.java:45)
at java.lang.reflect.Constructor.newInstance(Constructor.java:423)
at org.openqa.selenium.remote.W3CHandshakeResponse.lambda$errorHandler$0(W3CHandshakeResponse.java:62)
at org.openqa.selenium.remote.HandshakeResponse.lambda$getResponseFunction$0(HandshakeResponse.java:30)
at org.openqa.selenium.remote.ProtocolHandshake.lambda$createSession$0(ProtocolHandshake.java:126)
at java.util.stream.ReferencePipeline$3$1.accept(ReferencePipeline.java:193)
at java.util.Spliterators$ArraySpliterator.tryAdvance(Spliterators.java:958)
at java.util.stream.ReferencePipeline.forEachWithCancel(ReferencePipeline.java:126)
at java.util.stream.AbstractPipeline.copyIntoWithCancel(AbstractPipeline.java:499)
at java.util.stream.AbstractPipeline.copyInto(AbstractPipeline.java:486)
at java.util.stream.AbstractPipeline.wrapAndCopyInto(AbstractPipeline.java:472)
at java.util.stream.FindOps$FindOp.evaluateSequential(FindOps.java:152)
at java.util.stream.AbstractPipeline.evaluate(AbstractPipeline.java:234)
at java.util.stream.ReferencePipeline.findFirst(ReferencePipeline.java:464)
at org.openqa.selenium.remote.ProtocolHandshake.createSession(ProtocolHandshake.java:128)
at org.openqa.selenium.remote.ProtocolHandshake.createSession(ProtocolHandshake.java:74)
at org.openqa.selenium.remote.HttpCommandExecutor.execute(HttpCommandExecutor.java:136)
at org.openqa.selenium.remote.service.DriverCommandExecutor.execute(DriverCommandExecutor.java:83)
at org.openqa.selenium.remote.RemoteWebDriver.execute(RemoteWebDriver.java:552)
at org.openqa.selenium.remote.RemoteWebDriver.startSession(RemoteWebDriver.java:213)
at org.openqa.selenium.remote.RemoteWebDriver.<init>(RemoteWebDriver.java:131)
at org.openqa.selenium.chrome.ChromeDriver.<init>(ChromeDriver.java:181)
at org.openqa.selenium.chrome.ChromeDriver.<init>(ChromeDriver.java:168)
at org.openqa.selenium.chrome.ChromeDriver.<init>(ChromeDriver.java:123)
at com.qa.Katalon.base.BasePage.init_driver(BasePage.java:37)
at com.qa.Katalon.tests.LoginPageTest.setUp(LoginPageTest.java:25)
at sun.reflect.NativeMethodAccessorImpl.invoke0(Native Method)
at sun.reflect.NativeMethodAccessorImpl.invoke(NativeMethodAccessorImpl.java:62)
at sun.reflect.DelegatingMethodAccessorImpl.invoke(DelegatingMethodAccessorImpl.java:43)
at java.lang.reflect.Method.invoke(Method.java:498)
at org.testng.internal.MethodInvocationHelper.invokeMethod(MethodInvocationHelper.java:124)
at org.testng.internal.MethodInvocationHelper.invokeMethodConsideringTimeout(MethodInvocationHelper.java:59)
at org.testng.internal.Invoker.invokeConfigurationMethod(Invoker.java:458)
at org.testng.internal.Invoker.invokeConfigurations(Invoker.java:222)
at org.testng.internal.Invoker.invokeConfigurations(Invoker.java:142)
at org.testng.TestRunner.beforeRun(TestRunner.java:529)
at org.testng.TestRunner.run(TestRunner.java:497)
at org.testng.SuiteRunner.runTest(SuiteRunner.java:455)
at org.testng.SuiteRunner.runSequentially(SuiteRunner.java:450)
at org.testng.SuiteRunner.privateRun(SuiteRunner.java:415)
at org.testng.SuiteRunner.run(SuiteRunner.java:364)
at org.testng.SuiteRunnerWorker.runSuite(SuiteRunnerWorker.java:52)
at org.testng.SuiteRunnerWorker.run(SuiteRunnerWorker.java:84)
at org.testng.TestNG.runSuitesSequentially(TestNG.java:1208)
at org.testng.TestNG.runSuitesLocally(TestNG.java:1137)
at org.testng.TestNG.runSuites(TestNG.java:1049)
at org.testng.TestNG.run(TestNG.java:1017)
at org.apache.maven.surefire.testng.TestNGExecutor.run(TestNGExecutor.java:135)
at org.apache.maven.surefire.testng.TestNGDirectoryTestSuite.executeMulti(TestNGDirectoryTestSuite.java:193)
at org.apache.maven.surefire.testng.TestNGDirectoryTestSuite.execute(TestNGDirectoryTestSuite.java:94)
at org.apache.maven.surefire.testng.TestNGProvider.invoke(TestNGProvider.java:146)
at org.apache.maven.surefire.booter.ForkedBooter.invokeProviderInSameClassLoader(ForkedBooter.java:384)
at org.apache.maven.surefire.booter.ForkedBooter.runSuitesInProcess(ForkedBooter.java:345)
at org.apache.maven.surefire.booter.ForkedBooter.execute(ForkedBooter.java:126)
at org.apache.maven.surefire.booter.ForkedBooter.main(ForkedBooter.java:418)
]]>
    </error>
  </testcase> <!-- setUp -->
  <testcase name="verifyLoginPageTitle" time="0.000" classname="com.qa.Katalon.tests.LoginPageTest">
    <skipped/>
  </testcase> <!-- verifyLoginPageTitle -->
  <testcase name="verifySignupLink" time="0.000" classname="com.qa.Katalon.tests.LoginPageTest">
    <skipped/>
  </testcase> <!-- verifySignupLink -->
  <testcase name="loginPage" time="0.000" classname="com.qa.Katalon.tests.LoginPageTest">
    <skipped/>
  </testcase> <!-- loginPage -->
</testsuite> <!-- com.qa.Katalon.tests.LoginPageTest -->
